  [1m[35m (0.6ms)[0m  [1m[35mCREATE TABLE "schema_migrations" ("version" varchar NOT NULL PRIMARY KEY)[0m
  [1m[35m (0.2ms)[0m  [1m[35mCREATE TABLE "ar_internal_metadata" ("key" varchar NOT NULL PRIMARY KEY, "value" varchar, "created_at" datetime(6) NOT NULL, "updated_at" datetime(6) NOT NULL)[0m
  [1m[36mActiveRecord::InternalMetadata Load (0.1ms)[0m  [1m[34mSELECT * FROM "ar_internal_metadata" WHERE "ar_internal_metadata"."key" = ? ORDER BY "ar_internal_metadata"."key" ASC LIMIT 1[0m  [[nil, "environment"]]
  [1m[36mActiveRecord::InternalMetadata Create (0.5ms)[0m  [1m[32mINSERT INTO "ar_internal_metadata" ("key", "value", "created_at", "updated_at") VALUES ('environment', 'development', '2023-12-12 00:09:01.785760', '2023-12-12 00:09:01.785765') RETURNING "key"[0m
  [1m[36mActiveRecord::SchemaMigration Load (0.1ms)[0m  [1m[34mSELECT "schema_migrations"."version" FROM "schema_migrations" ORDER BY "schema_migrations"."version" ASC[0m
Migrating to CreateGreetings (20231212000824)
  [1m[36mTRANSACTION (0.1ms)[0m  [1m[36mbegin transaction[0m
  [1m[35m (1.1ms)[0m  [1m[35mCREATE TABLE "greetings" ("id" integer PRIMARY KEY AUTOINCREMENT NOT NULL, "message" varchar, "created_at" datetime(6) NOT NULL, "updated_at" datetime(6) NOT NULL)[0m
  [1m[36mActiveRecord::SchemaMigration Create (0.1ms)[0m  [1m[32mINSERT INTO "schema_migrations" ("version") VALUES ('20231212000824') RETURNING "version"[0m
  [1m[36mTRANSACTION (0.2ms)[0m  [1m[36mcommit transaction[0m
  [1m[36mActiveRecord::SchemaMigration Load (0.1ms)[0m  [1m[34mSELECT "schema_migrations"."version" FROM "schema_migrations" ORDER BY "schema_migrations"."version" ASC[0m
  [1m[36mActiveRecord::SchemaMigration Load (0.1ms)[0m  [1m[34mSELECT "schema_migrations"."version" FROM "schema_migrations" ORDER BY "schema_migrations"."version" ASC[0m
  [1m[36mActiveRecord::SchemaMigration Load (0.1ms)[0m  [1m[34mSELECT "schema_migrations"."version" FROM "schema_migrations" ORDER BY "schema_migrations"."version" ASC[0m
  [1m[36mTRANSACTION (0.0ms)[0m  [1m[36mbegin transaction[0m
  [1m[36mGreeting Create (1.8ms)[0m  [1m[32mINSERT INTO "greetings" ("message", "created_at", "updated_at") VALUES (?, ?, ?) RETURNING "id"[0m  [["message", "GM!"], ["created_at", "2023-12-12 00:13:45.988913"], ["updated_at", "2023-12-12 00:13:45.988913"]]
  [1m[36mTRANSACTION (0.1ms)[0m  [1m[36mcommit transaction[0m
  [1m[36mTRANSACTION (0.0ms)[0m  [1m[36mbegin transaction[0m
  [1m[36mGreeting Create (0.8ms)[0m  [1m[32mINSERT INTO "greetings" ("message", "created_at", "updated_at") VALUES (?, ?, ?) RETURNING "id"[0m  [["message", "WAGMI"], ["created_at", "2023-12-12 00:13:45.993468"], ["updated_at", "2023-12-12 00:13:45.993468"]]
  [1m[36mTRANSACTION (0.1ms)[0m  [1m[36mcommit transaction[0m
  [1m[36mTRANSACTION (0.0ms)[0m  [1m[36mbegin transaction[0m
  [1m[36mGreeting Create (1.3ms)[0m  [1m[32mINSERT INTO "greetings" ("message", "created_at", "updated_at") VALUES (?, ?, ?) RETURNING "id"[0m  [["message", "Hello, how are you?"], ["created_at", "2023-12-12 00:13:45.995924"], ["updated_at", "2023-12-12 00:13:45.995924"]]
  [1m[36mTRANSACTION (0.1ms)[0m  [1m[36mcommit transaction[0m
  [1m[36mTRANSACTION (0.0ms)[0m  [1m[36mbegin transaction[0m
  [1m[36mGreeting Create (0.8ms)[0m  [1m[32mINSERT INTO "greetings" ("message", "created_at", "updated_at") VALUES (?, ?, ?) RETURNING "id"[0m  [["message", "Hi there!"], ["created_at", "2023-12-12 00:13:45.998954"], ["updated_at", "2023-12-12 00:13:45.998954"]]
  [1m[36mTRANSACTION (0.1ms)[0m  [1m[36mcommit transaction[0m
  [1m[36mTRANSACTION (0.0ms)[0m  [1m[36mbegin transaction[0m
  [1m[36mGreeting Create (0.8ms)[0m  [1m[32mINSERT INTO "greetings" ("message", "created_at", "updated_at") VALUES (?, ?, ?) RETURNING "id"[0m  [["message", "Hey, nice to see you!"], ["created_at", "2023-12-12 00:13:46.001619"], ["updated_at", "2023-12-12 00:13:46.001619"]]
  [1m[36mTRANSACTION (0.1ms)[0m  [1m[36mcommit transaction[0m
  [1m[36mGreeting Load (0.1ms)[0m  [1m[34mSELECT "greetings".* FROM "greetings" /* loading for pp */ LIMIT ?[0m  [["LIMIT", 11]]
